2023-11-21 01:36:41,038 [INFO] McuFinderGlobals:63 - Set McuFinder mode to 2 (CubeIDE integrated)
2023-11-21 01:36:41,130 [INFO] MainUpdater:2868 - connection check result : 10
2023-11-21 01:36:41,132 [INFO] MainUpdater:2868 - connection check result : 10
2023-11-21 01:36:42,007 [INFO] MicroXplorer:468 - Change Database Path : 
2023-11-21 01:36:42,007 [INFO] MicroXplorer:498 - Change Database Version : DB.6.0.92
2023-11-21 01:36:42,015 [WARN] ThirdParty:871 - waiting for thirdparty lock release [close project]
2023-11-21 01:36:42,016 [INFO] ThirdParty:873 - entering critical section [close project]
2023-11-21 01:36:42,020 [INFO] ThirdParty:883 - exiting critical section [close project]
2023-11-21 01:36:42,027 [INFO] PinOutPanel:1499 - setPackage(No Configuration,No Configuration)
2023-11-21 01:36:42,043 [INFO] UtilMem:75 - Begin LoadConfig() Used Memory: 312273952 Bytes (594542592)
2023-11-21 01:36:42,045 [INFO] MicroXplorer:468 - Change Database Path : 
2023-11-21 01:36:42,045 [INFO] MicroXplorer:498 - Change Database Version : DB.6.0.92
2023-11-21 01:36:42,045 [INFO] OpenFileManager:308 - Change cursor
2023-11-21 01:36:42,105 [INFO] Mcu:1946 - Initializing MCU STM32F401R(D-E)Tx STM32F401RETx STM32F401RET6
2023-11-21 01:36:44,613 [INFO] Context:659 - Trying to add GPIOservice into a context  which must be forbidden
2023-11-21 01:36:45,551 [INFO] RtosManager:555 - Registered RTOS mode: class=CMSIS, group=RTOS, mode=CMSIS_V1, owner=FREERTOS
2023-11-21 01:36:45,552 [INFO] RtosManager:555 - Registered RTOS mode: class=CMSIS, group=RTOS2, mode=CMSIS_V2, owner=FREERTOS
2023-11-21 01:36:45,552 [INFO] RtosManager:555 - Registered RTOS mode: class=RTOS, group=Core, mode=CMSIS_V1, owner=FREERTOS
2023-11-21 01:36:45,552 [INFO] RtosManager:555 - Registered RTOS mode: class=RTOS, group=Core, mode=CMSIS_V2, owner=FREERTOS
2023-11-21 01:36:45,552 [WARN] ModelIntegratedComponent:184 - Missing modes for component STMicroelectronics:FreeRTOS:0.0.1:STMicroelectronics:RTOS:FreeRTOS:Core:::10.2.0:
2023-11-21 01:36:45,596 [WARN] ModelIntegratedComponent:63 - No mode defined for component null
2023-11-21 01:36:45,596 [WARN] ModelIntegratedComponent:63 - No mode defined for component null
2023-11-21 01:36:45,597 [WARN] ModelIntegratedComponent:63 - No mode defined for component null
2023-11-21 01:36:45,597 [WARN] ModelIntegratedComponent:63 - No mode defined for component null
2023-11-21 01:36:45,597 [WARN] ModelIntegratedComponent:63 - No mode defined for component null
2023-11-21 01:36:45,598 [WARN] ModelIntegratedComponent:63 - No mode defined for component null
2023-11-21 01:36:45,598 [WARN] ModelIntegratedComponent:63 - No mode defined for component null
2023-11-21 01:36:45,598 [WARN] ModelIntegratedComponent:63 - No mode defined for component null
2023-11-21 01:36:45,598 [WARN] ModelIntegratedComponent:63 - No mode defined for component null
2023-11-21 01:36:45,598 [WARN] ModelIntegratedComponent:63 - No mode defined for component null
2023-11-21 01:36:45,598 [WARN] ModelIntegratedComponent:63 - No mode defined for component null
2023-11-21 01:36:45,598 [WARN] ModelIntegratedComponent:63 - No mode defined for component null
2023-11-21 01:36:45,599 [WARN] ModelIntegratedComponent:63 - No mode defined for component null
2023-11-21 01:36:45,599 [WARN] ModelIntegratedComponent:63 - No mode defined for component null
2023-11-21 01:36:45,599 [WARN] ModelIntegratedComponent:63 - No mode defined for component null
2023-11-21 01:36:45,599 [WARN] ModelIntegratedComponent:63 - No mode defined for component null
2023-11-21 01:36:45,599 [WARN] ModelIntegratedComponent:63 - No mode defined for component null
2023-11-21 01:36:45,600 [WARN] ModelIntegratedComponent:63 - No mode defined for component null
2023-11-21 01:36:45,600 [WARN] ModelIntegratedComponent:63 - No mode defined for component null
2023-11-21 01:36:45,600 [WARN] ModelIntegratedComponent:63 - No mode defined for component null
2023-11-21 01:36:45,600 [WARN] ModelIntegratedComponent:63 - No mode defined for component null
2023-11-21 01:36:45,600 [WARN] ModelIntegratedComponent:63 - No mode defined for component null
2023-11-21 01:36:45,600 [WARN] ModelIntegratedComponent:63 - No mode defined for component null
2023-11-21 01:36:45,600 [WARN] ModelIntegratedComponent:63 - No mode defined for component null
2023-11-21 01:36:45,601 [WARN] ModelIntegratedComponent:63 - No mode defined for component null
2023-11-21 01:36:45,601 [WARN] ModelIntegratedComponent:63 - No mode defined for component null
2023-11-21 01:36:45,601 [WARN] ModelIntegratedComponent:63 - No mode defined for component null
2023-11-21 01:36:45,601 [WARN] ModelIntegratedComponent:63 - No mode defined for component null
2023-11-21 01:36:45,601 [WARN] ModelIntegratedComponent:63 - No mode defined for component null
2023-11-21 01:36:45,601 [WARN] ModelIntegratedComponent:63 - No mode defined for component null
2023-11-21 01:36:45,601 [WARN] ModelIntegratedComponent:63 - No mode defined for component null
2023-11-21 01:36:45,602 [WARN] ModelIntegratedComponent:63 - No mode defined for component null
2023-11-21 01:36:45,602 [WARN] ModelIntegratedComponent:63 - No mode defined for component null
2023-11-21 01:36:45,858 [INFO] ThirdPartyModel:298 - Start build external matchings
2023-11-21 01:36:46,739 [INFO] ThirdPartyModel:316 - End build external matchings
2023-11-21 01:36:46,760 [INFO] ImportTextPane:194 - (OptionalMessage_ERROR) IP (RCC) : Parameter (RTCHSEDivFreq_Value) has invalid value (4000000)
2023-11-21 01:36:47,164 [INFO] UtilMem:75 - End LoadConfig() Used Memory: 253457208 Bytes (594542592)
2023-11-21 01:36:47,684 [INFO] ApiDb:581 - Connected to CubeFinder SQLite database (/Users/angelinakong/.stmcufinder/plugins/mcufinder/mcu/cube-finder-db.db)
2023-11-21 01:36:47,797 [INFO] ApiDb:668 - CubeFinder database Data Model version=2.1
2023-11-21 01:36:47,797 [INFO] ApiDb:669 - CubeFinder database Configuration version=3.0.37
2023-11-21 01:36:47,800 [INFO] ApiDb:670 - CubeFinder database generation date=2023-10-13 (1697197505)
2023-11-21 01:36:47,800 [INFO] ApiDb:671 - CubeFinder database FW Pack versions=[FP-ATR-ASTRA1_V2.0.0, FP-SNS-FLIGHT1_V5.0.1, FP-SNS-FLIGHT1_V5.0.2, FP-SNS-MOTENV1_V4.3.1, FP-SNS-MOTENV1_V4.3.2, FP-SNS-SMARTAG2_V1.2.0, I-CUBE-ITTIADB_V8.6.3-1, STM32Cube_FW_C0_V1.1.0, STM32Cube_FW_F4_V1.27.1, STM32Cube_FW_F7_V1.17.0, STM32Cube_FW_G0_V1.6.1, STM32Cube_FW_G4_V1.5.1, STM32Cube_FW_H5_V0.5.1, STM32Cube_FW_H5_V1.1.1, STM32Cube_FW_H7_V1.11.0, STM32Cube_FW_L0_V1.12.2, STM32Cube_FW_L5_V1.5.0, STM32Cube_FW_U5_V1.3.0, STM32Cube_FW_U5_V1.3.0RC4, STM32Cube_FW_WBA_V1.0.0RC1, STM32Cube_FW_WBA_V1.1.0RC1, STM32Cube_FW_WBA_V1.1.1, STM32Cube_FW_WB_V1.15.0RC1, STM32Cube_FW_WB_V1.16.0, STM32Cube_FW_WB_V1.16.0RC2, STM32Cube_FW_WB_V1.17.3, STM32Cube_FW_WL_V1.3.0, X-CUBE-ALGOBUILD_V1.3.0, X-CUBE-ALS_V1.0.1, X-CUBE-AZRTOS-F4_V1.1.0, X-CUBE-AZRTOS-F7_V1.1.0, X-CUBE-AZRTOS-G0_V1.1.0, X-CUBE-AZRTOS-G4_V2.0.0, X-CUBE-AZRTOS-H7_V3.1.0, X-CUBE-AZRTOS-L4_V1.0.0, X-CUBE-AZRTOS-L4_V2.0.0, X-CUBE-AZRTOS-L5_V1.1.0, X-CUBE-AZRTOS-WB_V2.0.0, X-CUBE-AZRTOS-WL_V2.0.0, X-CUBE-BLE1_V7.0.0, X-CUBE-BLE2_V3.3.0, X-CUBE-BLEMGR_V2.0.0, X-CUBE-EEPRMA1_V4.1.0, X-CUBE-FREERTOS_V1.1.0, X-CUBE-GNSS1_V6.0.0, X-CUBE-MEMS1_V10.0.0, X-CUBE-MEMS1_V9.1.0, X-CUBE-MEMS1_V9.4.0, X-CUBE-MEMS1_V9.6.0, X-CUBE-NFC4_V3.0.0, X-CUBE-NFC7_V1.0.1, X-CUBE-SFXS2LP1_V4.0.0, X-CUBE-SUBG2_V5.0.0, X-CUBE-TOF1_V3.3.1]
2023-11-21 01:36:54,381 [INFO] ApiDb:240 - Found 323 in-development CPN: [B-G473E-ZEST1S, B-WB1M-WPAN1, B-WL5M-SUBG1, NUCLEO-C031C6, NUCLEO-H503RB, NUCLEO-H563ZI, NUCLEO-U545RE-Q, NUCLEO-U5A5ZJ-Q, NUCLEO-WBA52CG, STEVAL-PROTEUS1, STEVAL-SMARTAG2, STEVAL-STWINBX1, STM320518-EVAL, STM32C0116-DK, STM32C011D6Y3TR, STM32C011D6Y6TR, STM32C011F4P3, STM32C011F4P6, STM32C011F4U3, STM32C011F4U6TR, STM32C011F6P3, STM32C011F6P6, STM32C011F6U3, STM32C011F6U6TR, STM32C011J4M3, STM32C011J4M6, STM32C011J6M3, STM32C011J6M6, STM32C0316-DK, STM32C031C4T3, STM32C031C4T6, STM32C031C4U3, STM32C031C4U6, STM32C031C6T3, STM32C031C6T6, STM32C031C6U3, STM32C031C6U6, STM32C031F4P3, STM32C031F4P6, STM32C031F6P3, STM32C031F6P6, STM32C031G4U3, STM32C031G4U6, STM32C031G6U3, STM32C031G6U6, STM32C031K4T3, STM32C031K4T6, STM32C031K4U3, STM32C031K4U6, STM32C031K6T3, STM32C031K6T6, STM32C031K6U3, STM32C031K6U6, STM32G071K8TXN, STM32G071K8UXN, STM32G081GBU6N, STM32G081KBT6N, STM32G081KBUXN, STM32G0B1CCT6N, STM32G0B1KCT6, STM32G0B1NEY6TR, STM32G0B1RCT6N, STM32G0C1CCT6, STM32G0C1CCT6N, STM32G0C1CCU6N, STM32G0C1CET6N, STM32G0C1CEU6N, STM32G0C1KCT6, STM32G0C1NEY6TR, STM32G0C1RCI6N, STM32G0C1RCT6N, STM32G0C1REI6N, STM32G0C1RET6N, STM32G0C1VCI6, STM32G0C1VEI6, STM32G471CCT6, STM32G471CCU6, STM32G471CET3, STM32G471CET6, STM32G471CEU3, STM32G471CEU6, STM32G471MCT6, STM32G471MET3, STM32G471MET6, STM32G471MEY6TR, STM32G471QCT6, STM32G471QET3, STM32G471RCT6, STM32G471RET3, STM32G471RET6, STM32G471VCH6, STM32G471VCI6, STM32G471VCT6, STM32G471VEH3, STM32G471VEH6, STM32G471VEI3, STM32G471VEI6, STM32G471VET3, STM32G471VET6, STM32G474CCT6, STM32H503CBT6, STM32H503CBU6, STM32H503EBY6TR, STM32H503KBU6, STM32H503RBT6, STM32H562AGI6, STM32H562AII6, STM32H562IGK6, STM32H562IGT6, STM32H562IIK6, STM32H562IIT6, STM32H562RGT6, STM32H562RGV6, STM32H562RIT6, STM32H562RIV6, STM32H562VGT6, STM32H562VIT6, STM32H562ZGT6, STM32H562ZIT6, STM32H563AGI6, STM32H563AII3Q, STM32H563AII6, STM32H563IGK6, STM32H563IGT6, STM32H563IIK3Q, STM32H563IIK6, STM32H563IIT3Q, STM32H563IIT6, STM32H563MIY3QTR, STM32H563RGT6, STM32H563RGV6, STM32H563RIT6, STM32H563RIV6, STM32H563VGT6, STM32H563VIT3Q, STM32H563VIT6, STM32H563ZGT6, STM32H563ZIT3Q, STM32H563ZIT6, STM32H573AII3Q, STM32H573AII6, STM32H573I-DK, STM32H573IIK3Q, STM32H573IIK6, STM32H573IIT3Q, STM32H573IIT6, STM32H573MIY3QTR, STM32H573RIT6, STM32H573RIV6, STM32H573VIT3Q, STM32H573VIT6, STM32H573ZIT3Q, STM32H573ZIT6, STM32L4R5QGI6STR, STM32MP131AAE3, STM32MP131AAF3, STM32MP131AAG3, STM32MP131CAE3, STM32MP131CAF3, STM32MP131CAG3, STM32MP131DAE7, STM32MP131DAF7, STM32MP131DAG7, STM32MP131FAE7, STM32MP131FAF7, STM32MP131FAG7, STM32MP133AAE3, STM32MP133AAF3, STM32MP133AAG3, STM32MP133CAE3, STM32MP133CAF3, STM32MP133CAG3, STM32MP133DAE7, STM32MP133DAF7, STM32MP133DAG7, STM32MP133FAE7, STM32MP133FAF7, STM32MP133FAG7, STM32MP135AAE3, STM32MP135AAF3, STM32MP135AAG3, STM32MP135CAE3, STM32MP135CAF3, STM32MP135CAG3, STM32MP135DAE7, STM32MP135DAF7, STM32MP135DAG7, STM32MP135F-DK, STM32MP135FAE7, STM32MP135FAF7, STM32MP135FAF7T, STM32MP135FAF7U, STM32MP135FAG7, STM32U535CBT6, STM32U535CBT6Q, STM32U535CBU6, STM32U535CBU6Q, STM32U535CCT6, STM32U535CCT6Q, STM32U535CCU6, STM32U535CCU6Q, STM32U535CET6, STM32U535CET6Q, STM32U535CEU6, STM32U535CEU6Q, STM32U535JEY6QTR, STM32U535NCY6QTR, STM32U535NEY6QTR, STM32U535RBI6, STM32U535RBI6Q, STM32U535RBT6, STM32U535RBT6Q, STM32U535RCI6, STM32U535RCI6Q, STM32U535RCT6, STM32U535RCT6Q, STM32U535REI6, STM32U535REI6Q, STM32U535RET6, STM32U535RET6Q, STM32U535VCI6, STM32U535VCI6Q, STM32U535VCT6, STM32U535VCT6Q, STM32U535VEI6, STM32U535VEI6Q, STM32U535VET6, STM32U535VET6Q, STM32U545CET6, STM32U545CET6Q, STM32U545CEU6, STM32U545CEU6Q, STM32U545JEY6QTR, STM32U545NEY6QTR, STM32U545REI6, STM32U545REI6Q, STM32U545RET6, STM32U545RET6Q, STM32U545VEI6, STM32U545VEI6Q, STM32U545VET6, STM32U545VET6Q, STM32U595AIH6, STM32U595AIH6Q, STM32U595AJH6, STM32U595AJH6Q, STM32U595QII6, STM32U595QII6Q, STM32U595QJI6, STM32U595QJI6Q, STM32U595RIT6, STM32U595RIT6Q, STM32U595RJT6, STM32U595RJT6Q, STM32U595VIT6, STM32U595VIT6Q, STM32U595VJT6, STM32U595VJT6Q, STM32U595ZIT6, STM32U595ZIT6Q, STM32U595ZIY6QTR, STM32U595ZJT6, STM32U595ZJT6Q, STM32U595ZJY6QTR, STM32U599BJY6QTR, STM32U599NIH6Q, STM32U599NJH6Q, STM32U599VIT6Q, STM32U599VJT6, STM32U599VJT6Q, STM32U599ZIT6Q, STM32U599ZIY6QTR, STM32U599ZJT6Q, STM32U599ZJY6QTR, STM32U5A5AJH6, STM32U5A5AJH6Q, STM32U5A5QJI6, STM32U5A5QJI6Q, STM32U5A5RJT6, STM32U5A5RJT6Q, STM32U5A5VJT6, STM32U5A5VJT6Q, STM32U5A5ZJT6, STM32U5A5ZJT6Q, STM32U5A5ZJY6QTR, STM32U5A9BJY6QTR, STM32U5A9J-DK, STM32U5A9NJH6Q, STM32U5A9VJT6Q, STM32U5A9ZJT6Q, STM32U5A9ZJY6QTR, STM32U5F7VIT6, STM32U5F7VIT6Q, STM32U5F7VJT6, STM32U5F7VJT6Q, STM32U5F9BJY6QTR, STM32U5F9NJH6Q, STM32U5F9VIT6Q, STM32U5F9VJT6Q, STM32U5F9ZIJ6QTR, STM32U5F9ZIT6Q, STM32U5F9ZJJ6QTR, STM32U5F9ZJT6Q, STM32U5G7VJT6, STM32U5G7VJT6Q, STM32U5G9BJY6QTR, STM32U5G9J-DK1, STM32U5G9J-DK2, STM32U5G9NJH6Q, STM32U5G9VJT6Q, STM32U5G9ZJJ6QTR, STM32U5G9ZJT6Q, STM32WB1MMCH6, STM32WBA52CEU6, STM32WBA52CEU6T, STM32WBA52CGU6, STM32WBA52CGU6T, STM32WBA52KEU6, STM32WBA52KEU6T, STM32WBA52KGU6, STM32WBA52KGU6T, STM32WL5MOCH6, STM32WL5MOCH6TR]
2023-11-21 01:36:54,391 [INFO] DbMcus:217 - Found 3848 MCUs, 3848 are supported
2023-11-21 01:36:54,392 [INFO] ApiDb:423 - Load user favorites file /Users/angelinakong/.stm32cubeide/favorites.mcus.txt: 0 item(s)
2023-11-21 01:36:54,393 [INFO] ApiDb:427 - User favorites MCUs=[]
2023-11-21 01:36:54,393 [INFO] DbMcus:223 - Set 0 / 0 favorites MCUs
2023-11-21 01:36:55,501 [WARN] ThirdParty:833 - waiting for thirdparty lock release [change project]
2023-11-21 01:36:55,502 [INFO] ThirdParty:835 - entering critical section [change project]
2023-11-21 01:36:55,502 [INFO] ThirdParty:1030 - CMSIS Pack Vendor :STMicroelectronics X-CUBE-ISPU 1.1.0
2023-11-21 01:36:55,502 [INFO] ThirdParty:1030 - CMSIS Pack Vendor :STMicroelectronics USBPD 4.1
2023-11-21 01:36:55,503 [INFO] ThirdParty:1030 - CMSIS Pack Vendor :STMicroelectronics X-CUBE-GNSS1 6.0.0
2023-11-21 01:36:55,503 [INFO] ThirdParty:1030 - CMSIS Pack Vendor :STMicroelectronics USB_HOST 2.0.0
2023-11-21 01:36:55,503 [INFO] ThirdParty:1030 - CMSIS Pack Vendor :STMicroelectronics X-CUBE-AZRTOS-F4 1.1.0
2023-11-21 01:36:55,503 [INFO] ThirdParty:1030 - CMSIS Pack Vendor :STMicroelectronics LIBJPEG 8.0.0
2023-11-21 01:36:55,504 [INFO] ThirdParty:1030 - CMSIS Pack Vendor :wolfSSL I-CUBE-wolfSSL 5.6.4
2023-11-21 01:36:55,504 [INFO] ThirdParty:1030 - CMSIS Pack Vendor :STMicroelectronics X-CUBE-SMBUS 2.1.0
2023-11-21 01:36:55,504 [INFO] ThirdParty:1030 - CMSIS Pack Vendor :STMicroelectronics USB_DEVICE 3.0.0
2023-11-21 01:36:55,504 [INFO] ThirdParty:1030 - CMSIS Pack Vendor :STMicroelectronics X-CUBE-AZRTOS-WB 2.0.0
2023-11-21 01:36:55,504 [INFO] ThirdParty:1030 - CMSIS Pack Vendor :STMicroelectronics X-CUBE-AZRTOS-F7 1.1.0
2023-11-21 01:36:55,504 [INFO] ThirdParty:1030 - CMSIS Pack Vendor :STMicroelectronics X-CUBE-AZRTOS-L5 2.0.0
2023-11-21 01:36:55,505 [INFO] ThirdParty:1030 - CMSIS Pack Vendor :STMicroelectronics USB_DEVICE 2.0.0
2023-11-21 01:36:55,505 [INFO] ThirdParty:1030 - CMSIS Pack Vendor :STMicroelectronics X-CUBE-EEPRMA1 4.2.0
2023-11-21 01:36:55,505 [INFO] ThirdParty:1030 - CMSIS Pack Vendor :ITTIA_DB I-CUBE-ITTIADB 8.8.0
2023-11-21 01:36:55,506 [INFO] ThirdParty:1030 - CMSIS Pack Vendor :STMicroelectronics FP-SNS-MOTENV1 4.3.2
2023-11-21 01:36:55,506 [INFO] ThirdParty:1030 - CMSIS Pack Vendor :STMicroelectronics X-CUBE-ALGOBUILD 1.3.0
2023-11-21 01:36:55,506 [INFO] ThirdParty:1030 - CMSIS Pack Vendor :STMicroelectronics FreeRTOS 0.0.1
2023-11-21 01:36:55,506 [INFO] ThirdParty:1030 - CMSIS Pack Vendor :STMicroelectronics X-CUBE-AZRTOS-G0 1.1.0
2023-11-21 01:36:55,506 [INFO] ThirdParty:1030 - CMSIS Pack Vendor :STMicroelectronics X-CUBE-NFC4 3.0.0
2023-11-21 01:36:55,507 [INFO] ThirdParty:1030 - CMSIS Pack Vendor :STMicroelectronics X-CUBE-SUBG2 5.0.0
2023-11-21 01:36:55,507 [INFO] ThirdParty:1030 - CMSIS Pack Vendor :STMicroelectronics STM32_WPAN 1.0.0
2023-11-21 01:36:55,507 [INFO] ThirdParty:1030 - CMSIS Pack Vendor :STMicroelectronics lwIP 2.0.3
2023-11-21 01:36:55,508 [INFO] ThirdParty:1030 - CMSIS Pack Vendor :STMicroelectronics FP-SNS-FLIGHT1 5.0.2
2023-11-21 01:36:55,508 [INFO] ThirdParty:1030 - CMSIS Pack Vendor :STMicroelectronics USB_HOST 1.0.0
2023-11-21 01:36:55,508 [INFO] ThirdParty:1030 - CMSIS Pack Vendor :STMicroelectronics X-CUBE-TOF1 3.3.1
2023-11-21 01:36:55,508 [INFO] ThirdParty:1030 - CMSIS Pack Vendor :STMicroelectronics X-CUBE-AZRTOS-G4 2.0.0
2023-11-21 01:36:55,508 [INFO] ThirdParty:1030 - CMSIS Pack Vendor :STMicroelectronics PDM2PCM 3.1.0
2023-11-21 01:36:55,508 [INFO] ThirdParty:1030 - CMSIS Pack Vendor :STMicroelectronics X-CUBE-AZRTOS-H7 3.1.0
2023-11-21 01:36:55,508 [INFO] ThirdParty:1030 - CMSIS Pack Vendor :Infineon AIROC-Wi-Fi-Bluetooth-STM32 1.5.1
2023-11-21 01:36:55,509 [INFO] ThirdParty:1030 - CMSIS Pack Vendor :STMicroelectronics X-CUBE-BLEMGR 3.0.0
2023-11-21 01:36:55,509 [INFO] ThirdParty:1030 - CMSIS Pack Vendor :STMicroelectronics PDM2PCM 3.3.0
2023-11-21 01:36:55,509 [INFO] ThirdParty:1030 - CMSIS Pack Vendor :STMicroelectronics X-CUBE-DISPLAY 3.0.0
2023-11-21 01:36:55,509 [INFO] ThirdParty:1030 - CMSIS Pack Vendor :STMicroelectronics FP-SNS-MOTENVWB1 1.3.0
2023-11-21 01:36:55,509 [INFO] ThirdParty:1030 - CMSIS Pack Vendor :STMicroelectronics X-CUBE-BLE1 7.0.0
2023-11-21 01:36:55,510 [INFO] ThirdParty:1030 - CMSIS Pack Vendor :STMicroelectronics FP-ATR-SIGFOX1 3.2.0
2023-11-21 01:36:55,510 [INFO] ThirdParty:1030 - CMSIS Pack Vendor :STMicroelectronics HAL Drivers 0.0.0
2023-11-21 01:36:55,510 [INFO] ThirdParty:1030 - CMSIS Pack Vendor :STMicroelectronics MBEDTLS 2.16.2
2023-11-21 01:36:55,510 [INFO] ThirdParty:1030 - CMSIS Pack Vendor :emotas I-CUBE-CANOPEN 1.3.0
2023-11-21 01:36:55,510 [INFO] ThirdParty:1030 - CMSIS Pack Vendor :STMicroelectronics X-CUBE-MEMS1 10.0.0
2023-11-21 01:36:55,510 [INFO] ThirdParty:1030 - CMSIS Pack Vendor :STMicroelectronics X-CUBE-FREERTOS 1.1.0
2023-11-21 01:36:55,511 [INFO] ThirdParty:1030 - CMSIS Pack Vendor :STMicroelectronics X-CUBE-NFC7 1.0.1
2023-11-21 01:36:55,511 [INFO] ThirdParty:1030 - CMSIS Pack Vendor :STMicroelectronics MBEDTLS 2.14.1
2023-11-21 01:36:55,511 [INFO] ThirdParty:1030 - CMSIS Pack Vendor :STMicroelectronics X-CUBE-TOUCHGFX 4.22.1
2023-11-21 01:36:55,511 [INFO] ThirdParty:1030 - CMSIS Pack Vendor :STMicroelectronics X-CUBE-NFC6 3.0.0
2023-11-21 01:36:55,511 [INFO] ThirdParty:1030 - CMSIS Pack Vendor :portGmbH I-Cube-SoM-uGOAL 1.1.0
2023-11-21 01:36:55,512 [INFO] ThirdParty:1030 - CMSIS Pack Vendor :STMicroelectronics X-CUBE-ALS 1.0.1
2023-11-21 01:36:55,512 [INFO] ThirdParty:1030 - CMSIS Pack Vendor :STMicroelectronics ThreadX 1.0.0
2023-11-21 01:36:55,512 [INFO] ThirdParty:1030 - CMSIS Pack Vendor :STMicroelectronics FP-SNS-SMARTAG2 1.2.0
2023-11-21 01:36:55,512 [INFO] ThirdParty:1030 - CMSIS Pack Vendor :STMicroelectronics X-CUBE-AZRTOS-WL 2.0.0
2023-11-21 01:36:55,513 [INFO] ThirdParty:1030 - CMSIS Pack Vendor :STMicroelectronics USB_DEVICE 1.0.0
2023-11-21 01:36:55,513 [INFO] ThirdParty:1030 - CMSIS Pack Vendor :STMicroelectronics X-CUBE-AI 8.1.0
2023-11-21 01:36:55,513 [INFO] ThirdParty:1030 - CMSIS Pack Vendor :STMicroelectronics X-CUBE-AZRTOS-L4 2.0.0
2023-11-21 01:36:55,513 [INFO] ThirdParty:1030 - CMSIS Pack Vendor :STMicroelectronics ThreadX 0.0.2
2023-11-21 01:36:55,513 [INFO] ThirdParty:1030 - CMSIS Pack Vendor :WES I-CUBE-Cesium 1.3.0
2023-11-21 01:36:55,513 [INFO] ThirdParty:1030 - CMSIS Pack Vendor :STMicroelectronics FP-ATR-ASTRA1 2.0.0
2023-11-21 01:36:55,514 [INFO] ThirdParty:1030 - CMSIS Pack Vendor :STMicroelectronics lwIP 2.1.2
2023-11-21 01:36:55,514 [INFO] ThirdParty:1030 - CMSIS Pack Vendor :STMicroelectronics X-CUBE-SFXS2LP1 4.0.0
2023-11-21 01:36:55,514 [INFO] ThirdParty:1030 - CMSIS Pack Vendor :STMicroelectronics X-CUBE-BLE2 3.3.0
2023-11-21 01:36:55,514 [INFO] ThirdParty:1030 - CMSIS Pack Vendor :STMicroelectronics X-CUBE-TOF1 3.4.0
2023-11-21 01:36:55,514 [INFO] ThirdParty:1030 - CMSIS Pack Vendor :STMicroelectronics PDM2PCM 3.2.0
2023-11-21 01:36:55,515 [INFO] ThirdParty:841 - exiting critical section [change project]
2023-11-21 01:36:56,429 [INFO] PinOutPanel:1499 - setPackage(No Configuration,No Configuration)
2023-11-21 01:36:56,432 [INFO] PinOutPanel:1499 - setPackage(STM32F401RETx,LQFP64)
2023-11-21 01:36:58,017 [INFO] UtilMem:75 - Before build in PCC Used Memory: 236994672 Bytes (594542592)
2023-11-21 01:36:59,980 [INFO] UtilMem:75 - After build in PCC Used Memory: 347095152 Bytes (594542592)
2023-11-21 01:37:00,066 [INFO] IPUIPlugin:80 - create IPUIPlugin
2023-11-21 01:37:00,067 [INFO] IPUIPlugin:80 - create IPUIPlugin
2023-11-21 01:37:00,068 [INFO] IPUIPlugin:80 - create IPUIPlugin
2023-11-21 01:37:00,068 [INFO] IPUIPlugin:80 - create IPUIPlugin
2023-11-21 01:37:00,069 [INFO] IPUIPlugin:80 - create IPUIPlugin
2023-11-21 01:37:00,069 [INFO] IPUIPlugin:80 - create IPUIPlugin
2023-11-21 01:37:00,070 [INFO] IPUIPlugin:80 - create IPUIPlugin
2023-11-21 01:37:00,071 [INFO] IPUIPlugin:80 - create IPUIPlugin
2023-11-21 01:37:00,072 [INFO] IPUIPlugin:80 - create IPUIPlugin
2023-11-21 01:37:00,072 [INFO] IPUIPlugin:80 - create IPUIPlugin
2023-11-21 01:37:00,073 [INFO] IPUIPlugin:80 - create IPUIPlugin
2023-11-21 01:37:00,073 [INFO] IPUIPlugin:80 - create IPUIPlugin
2023-11-21 01:37:00,075 [INFO] IPUIPlugin:80 - create IPUIPlugin
2023-11-21 01:37:00,075 [INFO] IPUIPlugin:80 - create IPUIPlugin
2023-11-21 01:37:00,077 [INFO] IPUIPlugin:80 - create IPUIPlugin
2023-11-21 01:37:00,078 [INFO] IPUIPlugin:80 - create IPUIPlugin
2023-11-21 01:37:00,078 [INFO] IPUIPlugin:80 - create IPUIPlugin
2023-11-21 01:37:00,079 [INFO] IPUIPlugin:80 - create IPUIPlugin
2023-11-21 01:37:00,080 [INFO] IPUIPlugin:80 - create IPUIPlugin
2023-11-21 01:37:00,081 [INFO] IPUIPlugin:80 - create IPUIPlugin
2023-11-21 01:37:00,081 [INFO] IPUIPlugin:80 - create IPUIPlugin
2023-11-21 01:37:00,082 [INFO] IPUIPlugin:80 - create IPUIPlugin
2023-11-21 01:37:00,082 [INFO] IPUIPlugin:80 - create IPUIPlugin
2023-11-21 01:37:00,083 [INFO] IPUIPlugin:80 - create IPUIPlugin
2023-11-21 01:37:00,083 [INFO] IPUIPlugin:80 - create IPUIPlugin
2023-11-21 01:37:00,084 [INFO] IPUIPlugin:80 - create IPUIPlugin
2023-11-21 01:37:00,084 [INFO] IPUIPlugin:80 - create IPUIPlugin
2023-11-21 01:37:00,084 [INFO] IPUIPlugin:80 - create IPUIPlugin
2023-11-21 01:37:00,085 [INFO] IPUIPlugin:80 - create IPUIPlugin
2023-11-21 01:37:00,085 [INFO] IPUIPlugin:80 - create IPUIPlugin
2023-11-21 01:37:00,086 [INFO] IPUIPlugin:80 - create IPUIPlugin
2023-11-21 01:37:00,086 [INFO] IPUIPlugin:80 - create IPUIPlugin
2023-11-21 01:37:00,087 [INFO] IPUIPlugin:80 - create IPUIPlugin
2023-11-21 01:37:00,088 [INFO] IPUIPlugin:80 - create IPUIPlugin
2023-11-21 01:37:00,090 [INFO] IPUIPlugin:80 - create IPUIPlugin
2023-11-21 01:37:00,092 [INFO] IPUIPlugin:80 - create IPUIPlugin
2023-11-21 01:37:00,093 [INFO] IPUIPlugin:80 - create IPUIPlugin
2023-11-21 01:37:00,094 [INFO] IPUIPlugin:80 - create IPUIPlugin
2023-11-21 01:37:00,231 [INFO] ApiDbMcu:507 - Load IP Config File for PDM2PCM
2023-11-21 01:37:00,736 [INFO] CADModel:165 - CPN selected for project levelSTM32F401RET6
2023-11-21 01:37:00,737 [INFO] CADModel:114 - Register for checkConnection events
2023-11-21 01:37:00,779 [INFO] OpenFileManager:328 - Restore cursor
2023-11-21 02:19:19,870 [INFO] NvicIntPanel:101 - NVIC parent = com.st.microxplorer.plugins.ip.nvic.MultiNvicIntPanel[,0,0,0x0,invalid,layout=javax.swing.BoxLayout,alignmentX=0.0,alignmentY=0.0,border=,flags=9,maximumSize=,minimumSize=,preferredSize=]
2023-11-21 02:19:24,816 [INFO] NvicIntPanel:101 - NVIC parent = com.st.microxplorer.plugins.ip.nvic.MultiNvicIntPanel[,0,0,0x0,invalid,layout=javax.swing.BoxLayout,alignmentX=0.0,alignmentY=0.0,border=,flags=9,maximumSize=,minimumSize=,preferredSize=]
2023-11-21 02:19:24,892 [INFO] NvicIntPanel:101 - NVIC parent = com.st.microxplorer.plugins.ip.nvic.MultiNvicIntPanel[,0,0,0x0,invalid,layout=javax.swing.BoxLayout,alignmentX=0.0,alignmentY=0.0,border=,flags=9,maximumSize=,minimumSize=,preferredSize=]
2023-11-21 02:19:26,862 [INFO] NvicIntPanel:101 - NVIC parent = com.st.microxplorer.plugins.ip.nvic.MultiNvicIntPanel[,0,0,0x0,invalid,layout=javax.swing.BoxLayout,alignmentX=0.0,alignmentY=0.0,border=,flags=9,maximumSize=,minimumSize=,preferredSize=]
2023-11-21 02:20:53,510 [INFO] Gpio:273 - dependency for GPIO [RCC, SYS, USART2]
2023-11-21 02:21:03,987 [INFO] Gpio:273 - dependency for GPIO [RCC, SYS, USART2]
2023-11-21 02:21:04,047 [INFO] NvicIntPanel:101 - NVIC parent = com.st.microxplorer.plugins.ip.nvic.MultiNvicIntPanel[,0,0,0x0,invalid,layout=javax.swing.BoxLayout,alignmentX=0.0,alignmentY=0.0,border=,flags=9,maximumSize=,minimumSize=,preferredSize=]
2023-11-21 02:21:18,972 [INFO] UtilMem:75 - End SaveConfig() Used Memory: 547062312 Bytes (648019968)
2023-11-21 02:21:20,936 [INFO] UtilMem:75 - End SaveConfig() Used Memory: 570089128 Bytes (648019968)
2023-11-21 02:21:23,102 [INFO] UtilMem:75 - End SaveConfig() Used Memory: 214527688 Bytes (648019968)
2023-11-21 02:21:23,668 [INFO] BlockDiagram:2759 - set Specific Code input for plugin: NVIC
2023-11-21 02:21:23,668 [INFO] BlockDiagram:2759 - set Specific Code input for plugin: USART
2023-11-21 02:21:23,669 [INFO] BlockDiagram:2759 - set Specific Code input for plugin: SYS
2023-11-21 02:21:23,669 [INFO] BlockDiagram:2759 - set Specific Code input for plugin: GPIO
2023-11-21 02:21:23,669 [INFO] BlockDiagram:2759 - set Specific Code input for plugin: RCC
2023-11-21 02:21:23,670 [INFO] CodeGenerator:799 - code generatio: config db path: /Applications/STM32CubeIDE.app/Contents/Eclipse/plugins/com.st.stm32cube.common.mx_6.9.2.202309101412//db/
2023-11-21 02:21:23,969 [INFO] CodeEngine:255 - oldGeneratedFile, /Users/angelinakong/STM32CubeIDE/workspace_1.13.2/Project198/MXTmpFiles/license.tmp_save
2023-11-21 02:21:24,419 [INFO] CodeEngine:279 - Generated code: /Users/angelinakong/STM32CubeIDE/workspace_1.13.2/Project198/MXTmpFiles/license.tmp
2023-11-21 02:21:24,463 [INFO] CodeEngine:255 - oldGeneratedFile, /Users/angelinakong/STM32CubeIDE/workspace_1.13.2/Project198/MXTmpFiles/gpio.tmp_save
2023-11-21 02:21:24,616 [INFO] CodeEngine:279 - Generated code: /Users/angelinakong/STM32CubeIDE/workspace_1.13.2/Project198/MXTmpFiles/gpio.tmp
2023-11-21 02:21:24,697 [INFO] CodeEngine:255 - oldGeneratedFile, /Users/angelinakong/STM32CubeIDE/workspace_1.13.2/Project198/Core/Src/stm32f4xx_it.c_save
2023-11-21 02:21:24,838 [INFO] CodeEngine:279 - Generated code: /Users/angelinakong/STM32CubeIDE/workspace_1.13.2/Project198/Core/Src/stm32f4xx_it.c
2023-11-21 02:21:24,840 [INFO] CodeEngine:255 - oldGeneratedFile, /Users/angelinakong/STM32CubeIDE/workspace_1.13.2/Project198/Core/Inc/stm32f4xx_it.h_save
2023-11-21 02:21:24,936 [INFO] CodeEngine:279 - Generated code: /Users/angelinakong/STM32CubeIDE/workspace_1.13.2/Project198/Core/Inc/stm32f4xx_it.h
2023-11-21 02:21:24,945 [INFO] CodeEngine:255 - oldGeneratedFile, /Users/angelinakong/STM32CubeIDE/workspace_1.13.2/Project198/Core/Src/stm32f4xx_hal_msp.c_save
2023-11-21 02:21:25,105 [INFO] CodeEngine:279 - Generated code: /Users/angelinakong/STM32CubeIDE/workspace_1.13.2/Project198/Core/Src/stm32f4xx_hal_msp.c
2023-11-21 02:21:25,108 [INFO] CodeEngine:255 - oldGeneratedFile, /Users/angelinakong/STM32CubeIDE/workspace_1.13.2/Project198/MXTmpFiles/system.tmp_save
2023-11-21 02:21:25,192 [INFO] CodeEngine:279 - Generated code: /Users/angelinakong/STM32CubeIDE/workspace_1.13.2/Project198/MXTmpFiles/system.tmp
2023-11-21 02:21:25,201 [INFO] CodeEngine:311 - oldGeneratedFile, /Users/angelinakong/STM32CubeIDE/workspace_1.13.2/Project198/Core/Inc/stm32f4xx_hal_conf.h_save
2023-11-21 02:21:25,295 [INFO] CodeEngine:335 - Generated code: /Users/angelinakong/STM32CubeIDE/workspace_1.13.2/Project198/Core/Inc/stm32f4xx_hal_conf.h
2023-11-21 02:21:25,343 [INFO] CodeEngine:255 - oldGeneratedFile, /Users/angelinakong/STM32CubeIDE/workspace_1.13.2/Project198/Core/Inc/main.h_save
2023-11-21 02:21:25,457 [INFO] CodeEngine:279 - Generated code: /Users/angelinakong/STM32CubeIDE/workspace_1.13.2/Project198/Core/Inc/main.h
2023-11-21 02:21:25,461 [INFO] CodeEngine:255 - oldGeneratedFile, /Users/angelinakong/STM32CubeIDE/workspace_1.13.2/Project198/Core/Src/main.c_save
2023-11-21 02:21:25,676 [INFO] CodeEngine:279 - Generated code: /Users/angelinakong/STM32CubeIDE/workspace_1.13.2/Project198/Core/Src/main.c
2023-11-21 02:21:26,456 [INFO] ProjectBuilder:3064 - Time for Copy HAL[1] : 217mS.
2023-11-21 02:21:26,469 [INFO] ProjectBuilder:4404 - Project Generator version: 4.1.0
2023-11-21 02:21:26,744 [INFO] ConfigFileManager:1457 - The Die is : DIE433
2023-11-21 02:21:26,754 [INFO] ApiDbMcu:507 - Load IP Config File for FATFS
2023-11-21 02:21:26,759 [INFO] ApiDbMcu:507 - Load IP Config File for FREERTOS
2023-11-21 02:21:26,763 [INFO] ApiDbMcu:507 - Load IP Config File for LIBJPEG
2023-11-21 02:21:26,775 [INFO] ApiDbMcu:507 - Load IP Config File for MBEDTLS
2023-11-21 02:21:26,787 [INFO] ApiDbMcu:507 - Load IP Config File for USB_DEVICE
2023-11-21 02:21:26,791 [INFO] ApiDbMcu:507 - Load IP Config File for USB_HOST
2023-11-21 02:21:28,616 [INFO] ProjectBuilder:4626 - Time for Generating toolchain IDE Files: 2147mS.
2023-11-21 02:21:28,617 [INFO] ProjectBuilder:2935 - Time for Copy CMSIS : 0mS.
2023-11-21 02:21:28,618 [INFO] ProjectBuilder:2935 - Time for Copy CMSIS : 0mS.
2023-11-21 02:54:47,049 [INFO] NvicIntPanel:101 - NVIC parent = com.st.microxplorer.plugins.ip.nvic.MultiNvicIntPanel[,0,0,0x0,invalid,layout=javax.swing.BoxLayout,alignmentX=0.0,alignmentY=0.0,border=,flags=9,maximumSize=,minimumSize=,preferredSize=]
2023-11-21 02:55:40,110 [INFO] NvicIntPanel:101 - NVIC parent = com.st.microxplorer.plugins.ip.nvic.MultiNvicIntPanel[,0,0,0x0,invalid,layout=javax.swing.BoxLayout,alignmentX=0.0,alignmentY=0.0,border=,flags=9,maximumSize=,minimumSize=,preferredSize=]
2023-11-21 02:55:50,751 [INFO] UtilMem:75 - End SaveConfig() Used Memory: 247595952 Bytes (801112064)
2023-11-21 02:55:52,174 [INFO] UtilMem:75 - End SaveConfig() Used Memory: 268923480 Bytes (801112064)
2023-11-21 02:55:54,037 [INFO] UtilMem:75 - End SaveConfig() Used Memory: 259511664 Bytes (801112064)
2023-11-21 02:55:54,320 [INFO] BlockDiagram:2759 - set Specific Code input for plugin: NVIC
2023-11-21 02:55:54,320 [INFO] BlockDiagram:2759 - set Specific Code input for plugin: USART
2023-11-21 02:55:54,321 [INFO] BlockDiagram:2759 - set Specific Code input for plugin: TIM1_8
2023-11-21 02:55:54,321 [INFO] BlockDiagram:2759 - set Specific Code input for plugin: SYS
2023-11-21 02:55:54,322 [INFO] BlockDiagram:2759 - set Specific Code input for plugin: GPIO
2023-11-21 02:55:54,322 [INFO] BlockDiagram:2759 - set Specific Code input for plugin: RCC
2023-11-21 02:55:54,324 [INFO] CodeGenerator:799 - code generatio: config db path: /Applications/STM32CubeIDE.app/Contents/Eclipse/plugins/com.st.stm32cube.common.mx_6.9.2.202309101412//db/
2023-11-21 02:55:54,491 [INFO] CodeEngine:255 - oldGeneratedFile, /Users/angelinakong/STM32CubeIDE/workspace_1.13.2/Project198/MXTmpFiles/license.tmp_save
2023-11-21 02:55:54,623 [INFO] CodeEngine:279 - Generated code: /Users/angelinakong/STM32CubeIDE/workspace_1.13.2/Project198/MXTmpFiles/license.tmp
2023-11-21 02:55:54,639 [INFO] CodeEngine:255 - oldGeneratedFile, /Users/angelinakong/STM32CubeIDE/workspace_1.13.2/Project198/MXTmpFiles/gpio.tmp_save
2023-11-21 02:55:54,726 [INFO] CodeEngine:279 - Generated code: /Users/angelinakong/STM32CubeIDE/workspace_1.13.2/Project198/MXTmpFiles/gpio.tmp
2023-11-21 02:55:54,802 [INFO] CodeEngine:255 - oldGeneratedFile, /Users/angelinakong/STM32CubeIDE/workspace_1.13.2/Project198/Core/Src/stm32f4xx_it.c_save
2023-11-21 02:55:54,976 [INFO] CodeEngine:279 - Generated code: /Users/angelinakong/STM32CubeIDE/workspace_1.13.2/Project198/Core/Src/stm32f4xx_it.c
2023-11-21 02:55:54,980 [INFO] CodeEngine:255 - oldGeneratedFile, /Users/angelinakong/STM32CubeIDE/workspace_1.13.2/Project198/Core/Inc/stm32f4xx_it.h_save
2023-11-21 02:55:55,041 [INFO] CodeEngine:279 - Generated code: /Users/angelinakong/STM32CubeIDE/workspace_1.13.2/Project198/Core/Inc/stm32f4xx_it.h
2023-11-21 02:55:55,049 [INFO] CodeEngine:255 - oldGeneratedFile, /Users/angelinakong/STM32CubeIDE/workspace_1.13.2/Project198/Core/Src/stm32f4xx_hal_msp.c_save
2023-11-21 02:55:55,158 [INFO] CodeEngine:279 - Generated code: /Users/angelinakong/STM32CubeIDE/workspace_1.13.2/Project198/Core/Src/stm32f4xx_hal_msp.c
2023-11-21 02:55:55,161 [INFO] CodeEngine:255 - oldGeneratedFile, /Users/angelinakong/STM32CubeIDE/workspace_1.13.2/Project198/MXTmpFiles/system.tmp_save
2023-11-21 02:55:55,221 [INFO] CodeEngine:279 - Generated code: /Users/angelinakong/STM32CubeIDE/workspace_1.13.2/Project198/MXTmpFiles/system.tmp
2023-11-21 02:55:55,225 [INFO] CodeEngine:311 - oldGeneratedFile, /Users/angelinakong/STM32CubeIDE/workspace_1.13.2/Project198/Core/Inc/stm32f4xx_hal_conf.h_save
2023-11-21 02:55:55,296 [INFO] CodeEngine:335 - Generated code: /Users/angelinakong/STM32CubeIDE/workspace_1.13.2/Project198/Core/Inc/stm32f4xx_hal_conf.h
2023-11-21 02:55:55,315 [WARN] IPConfigManager:3431 - IP not found : TIM
2023-11-21 02:55:55,315 [WARN] CodeGenerator:3764 - IP not found : null
2023-11-21 02:55:55,321 [INFO] CodeEngine:255 - oldGeneratedFile, /Users/angelinakong/STM32CubeIDE/workspace_1.13.2/Project198/Core/Inc/main.h_save
2023-11-21 02:55:55,400 [INFO] CodeEngine:279 - Generated code: /Users/angelinakong/STM32CubeIDE/workspace_1.13.2/Project198/Core/Inc/main.h
2023-11-21 02:55:55,403 [INFO] CodeEngine:255 - oldGeneratedFile, /Users/angelinakong/STM32CubeIDE/workspace_1.13.2/Project198/Core/Src/main.c_save
2023-11-21 02:55:55,507 [INFO] CodeEngine:279 - Generated code: /Users/angelinakong/STM32CubeIDE/workspace_1.13.2/Project198/Core/Src/main.c
2023-11-21 02:55:56,118 [INFO] ProjectBuilder:3064 - Time for Copy HAL[1] : 139mS.
2023-11-21 02:55:56,121 [INFO] ProjectBuilder:4404 - Project Generator version: 4.1.0
2023-11-21 02:55:56,357 [INFO] ConfigFileManager:1457 - The Die is : DIE433
2023-11-21 02:55:57,634 [INFO] ProjectBuilder:4626 - Time for Generating toolchain IDE Files: 1513mS.
2023-11-21 02:55:57,635 [INFO] ProjectBuilder:2935 - Time for Copy CMSIS : 1mS.
2023-11-21 02:55:57,636 [INFO] ProjectBuilder:2935 - Time for Copy CMSIS : 0mS.
2023-11-21 02:59:02,819 [INFO] NvicIntPanel:101 - NVIC parent = com.st.microxplorer.plugins.ip.nvic.MultiNvicIntPanel[,0,0,0x0,invalid,layout=javax.swing.BoxLayout,alignmentX=0.0,alignmentY=0.0,border=,flags=9,maximumSize=,minimumSize=,preferredSize=]
2023-11-21 02:59:09,072 [INFO] UtilMem:75 - End SaveConfig() Used Memory: 337860432 Bytes (910163968)
2023-11-21 02:59:10,795 [INFO] UtilMem:75 - End SaveConfig() Used Memory: 359880528 Bytes (910163968)
2023-11-21 02:59:15,592 [INFO] UtilMem:75 - End SaveConfig() Used Memory: 420171600 Bytes (910163968)
2023-11-21 02:59:15,838 [INFO] BlockDiagram:2759 - set Specific Code input for plugin: NVIC
2023-11-21 02:59:15,838 [INFO] BlockDiagram:2759 - set Specific Code input for plugin: USART
2023-11-21 02:59:15,838 [INFO] BlockDiagram:2759 - set Specific Code input for plugin: TIM1_8
2023-11-21 02:59:15,838 [INFO] BlockDiagram:2759 - set Specific Code input for plugin: SYS
2023-11-21 02:59:15,838 [INFO] BlockDiagram:2759 - set Specific Code input for plugin: GPIO
2023-11-21 02:59:15,838 [INFO] BlockDiagram:2759 - set Specific Code input for plugin: RCC
2023-11-21 02:59:15,839 [INFO] CodeGenerator:799 - code generatio: config db path: /Applications/STM32CubeIDE.app/Contents/Eclipse/plugins/com.st.stm32cube.common.mx_6.9.2.202309101412//db/
2023-11-21 02:59:15,958 [INFO] CodeEngine:255 - oldGeneratedFile, /Users/angelinakong/STM32CubeIDE/workspace_1.13.2/Project198/MXTmpFiles/license.tmp_save
2023-11-21 02:59:16,015 [INFO] CodeEngine:279 - Generated code: /Users/angelinakong/STM32CubeIDE/workspace_1.13.2/Project198/MXTmpFiles/license.tmp
2023-11-21 02:59:16,025 [INFO] CodeEngine:255 - oldGeneratedFile, /Users/angelinakong/STM32CubeIDE/workspace_1.13.2/Project198/MXTmpFiles/gpio.tmp_save
2023-11-21 02:59:16,083 [INFO] CodeEngine:279 - Generated code: /Users/angelinakong/STM32CubeIDE/workspace_1.13.2/Project198/MXTmpFiles/gpio.tmp
2023-11-21 02:59:16,133 [INFO] CodeEngine:255 - oldGeneratedFile, /Users/angelinakong/STM32CubeIDE/workspace_1.13.2/Project198/Core/Src/stm32f4xx_it.c_save
2023-11-21 02:59:16,194 [INFO] CodeEngine:279 - Generated code: /Users/angelinakong/STM32CubeIDE/workspace_1.13.2/Project198/Core/Src/stm32f4xx_it.c
2023-11-21 02:59:16,196 [INFO] CodeEngine:255 - oldGeneratedFile, /Users/angelinakong/STM32CubeIDE/workspace_1.13.2/Project198/Core/Inc/stm32f4xx_it.h_save
2023-11-21 02:59:16,252 [INFO] CodeEngine:279 - Generated code: /Users/angelinakong/STM32CubeIDE/workspace_1.13.2/Project198/Core/Inc/stm32f4xx_it.h
2023-11-21 02:59:16,256 [INFO] CodeEngine:255 - oldGeneratedFile, /Users/angelinakong/STM32CubeIDE/workspace_1.13.2/Project198/Core/Src/stm32f4xx_hal_msp.c_save
2023-11-21 02:59:16,336 [INFO] CodeEngine:279 - Generated code: /Users/angelinakong/STM32CubeIDE/workspace_1.13.2/Project198/Core/Src/stm32f4xx_hal_msp.c
2023-11-21 02:59:16,338 [INFO] CodeEngine:255 - oldGeneratedFile, /Users/angelinakong/STM32CubeIDE/workspace_1.13.2/Project198/MXTmpFiles/system.tmp_save
2023-11-21 02:59:16,392 [INFO] CodeEngine:279 - Generated code: /Users/angelinakong/STM32CubeIDE/workspace_1.13.2/Project198/MXTmpFiles/system.tmp
2023-11-21 02:59:16,396 [INFO] CodeEngine:311 - oldGeneratedFile, /Users/angelinakong/STM32CubeIDE/workspace_1.13.2/Project198/Core/Inc/stm32f4xx_hal_conf.h_save
2023-11-21 02:59:16,459 [INFO] CodeEngine:335 - Generated code: /Users/angelinakong/STM32CubeIDE/workspace_1.13.2/Project198/Core/Inc/stm32f4xx_hal_conf.h
2023-11-21 02:59:16,475 [WARN] IPConfigManager:3431 - IP not found : TIM
2023-11-21 02:59:16,476 [WARN] CodeGenerator:3764 - IP not found : null
2023-11-21 02:59:16,479 [INFO] CodeEngine:255 - oldGeneratedFile, /Users/angelinakong/STM32CubeIDE/workspace_1.13.2/Project198/Core/Inc/main.h_save
2023-11-21 02:59:16,538 [INFO] CodeEngine:279 - Generated code: /Users/angelinakong/STM32CubeIDE/workspace_1.13.2/Project198/Core/Inc/main.h
2023-11-21 02:59:16,540 [INFO] CodeEngine:255 - oldGeneratedFile, /Users/angelinakong/STM32CubeIDE/workspace_1.13.2/Project198/Core/Src/main.c_save
2023-11-21 02:59:16,628 [INFO] CodeEngine:279 - Generated code: /Users/angelinakong/STM32CubeIDE/workspace_1.13.2/Project198/Core/Src/main.c
2023-11-21 02:59:17,166 [INFO] ProjectBuilder:3064 - Time for Copy HAL[1] : 86mS.
2023-11-21 02:59:17,169 [INFO] ProjectBuilder:4404 - Project Generator version: 4.1.0
2023-11-21 02:59:17,426 [INFO] ConfigFileManager:1457 - The Die is : DIE433
2023-11-21 02:59:18,683 [INFO] ProjectBuilder:4626 - Time for Generating toolchain IDE Files: 1515mS.
2023-11-21 02:59:18,683 [INFO] ProjectBuilder:2935 - Time for Copy CMSIS : 0mS.
2023-11-21 02:59:18,686 [INFO] ProjectBuilder:2935 - Time for Copy CMSIS : 1mS.
2023-11-21 02:59:30,731 [INFO] NvicIntPanel:101 - NVIC parent = com.st.microxplorer.plugins.ip.nvic.MultiNvicIntPanel[,0,0,0x0,invalid,layout=javax.swing.BoxLayout,alignmentX=0.0,alignmentY=0.0,border=,flags=9,maximumSize=,minimumSize=,preferredSize=]
2023-11-21 02:59:47,760 [INFO] UtilMem:75 - End SaveConfig() Used Memory: 425814528 Bytes (976224256)
2023-11-21 02:59:49,214 [INFO] UtilMem:75 - End SaveConfig() Used Memory: 447308288 Bytes (976224256)
2023-11-21 02:59:50,925 [INFO] UtilMem:75 - End SaveConfig() Used Memory: 473000448 Bytes (976224256)
2023-11-21 02:59:51,196 [INFO] BlockDiagram:2759 - set Specific Code input for plugin: NVIC
2023-11-21 02:59:51,196 [INFO] BlockDiagram:2759 - set Specific Code input for plugin: USART
2023-11-21 02:59:51,196 [INFO] BlockDiagram:2759 - set Specific Code input for plugin: TIM1_8
2023-11-21 02:59:51,196 [INFO] BlockDiagram:2759 - set Specific Code input for plugin: SYS
2023-11-21 02:59:51,197 [INFO] BlockDiagram:2759 - set Specific Code input for plugin: GPIO
2023-11-21 02:59:51,197 [INFO] BlockDiagram:2759 - set Specific Code input for plugin: RCC
2023-11-21 02:59:51,197 [INFO] CodeGenerator:799 - code generatio: config db path: /Applications/STM32CubeIDE.app/Contents/Eclipse/plugins/com.st.stm32cube.common.mx_6.9.2.202309101412//db/
2023-11-21 02:59:51,355 [INFO] CodeEngine:255 - oldGeneratedFile, /Users/angelinakong/STM32CubeIDE/workspace_1.13.2/Project198/MXTmpFiles/license.tmp_save
2023-11-21 02:59:51,409 [INFO] CodeEngine:279 - Generated code: /Users/angelinakong/STM32CubeIDE/workspace_1.13.2/Project198/MXTmpFiles/license.tmp
2023-11-21 02:59:51,418 [INFO] CodeEngine:255 - oldGeneratedFile, /Users/angelinakong/STM32CubeIDE/workspace_1.13.2/Project198/MXTmpFiles/gpio.tmp_save
2023-11-21 02:59:51,475 [INFO] CodeEngine:279 - Generated code: /Users/angelinakong/STM32CubeIDE/workspace_1.13.2/Project198/MXTmpFiles/gpio.tmp
2023-11-21 02:59:51,523 [INFO] CodeEngine:255 - oldGeneratedFile, /Users/angelinakong/STM32CubeIDE/workspace_1.13.2/Project198/Core/Src/stm32f4xx_it.c_save
2023-11-21 02:59:51,598 [INFO] CodeEngine:279 - Generated code: /Users/angelinakong/STM32CubeIDE/workspace_1.13.2/Project198/Core/Src/stm32f4xx_it.c
2023-11-21 02:59:51,600 [INFO] CodeEngine:255 - oldGeneratedFile, /Users/angelinakong/STM32CubeIDE/workspace_1.13.2/Project198/Core/Inc/stm32f4xx_it.h_save
2023-11-21 02:59:51,661 [INFO] CodeEngine:279 - Generated code: /Users/angelinakong/STM32CubeIDE/workspace_1.13.2/Project198/Core/Inc/stm32f4xx_it.h
2023-11-21 02:59:51,666 [INFO] CodeEngine:255 - oldGeneratedFile, /Users/angelinakong/STM32CubeIDE/workspace_1.13.2/Project198/Core/Src/stm32f4xx_hal_msp.c_save
2023-11-21 02:59:51,753 [INFO] CodeEngine:279 - Generated code: /Users/angelinakong/STM32CubeIDE/workspace_1.13.2/Project198/Core/Src/stm32f4xx_hal_msp.c
2023-11-21 02:59:51,755 [INFO] CodeEngine:255 - oldGeneratedFile, /Users/angelinakong/STM32CubeIDE/workspace_1.13.2/Project198/MXTmpFiles/system.tmp_save
2023-11-21 02:59:51,810 [INFO] CodeEngine:279 - Generated code: /Users/angelinakong/STM32CubeIDE/workspace_1.13.2/Project198/MXTmpFiles/system.tmp
2023-11-21 02:59:51,814 [INFO] CodeEngine:311 - oldGeneratedFile, /Users/angelinakong/STM32CubeIDE/workspace_1.13.2/Project198/Core/Inc/stm32f4xx_hal_conf.h_save
2023-11-21 02:59:51,876 [INFO] CodeEngine:335 - Generated code: /Users/angelinakong/STM32CubeIDE/workspace_1.13.2/Project198/Core/Inc/stm32f4xx_hal_conf.h
2023-11-21 02:59:51,891 [WARN] IPConfigManager:3431 - IP not found : TIM
2023-11-21 02:59:51,891 [WARN] CodeGenerator:3764 - IP not found : null
2023-11-21 02:59:51,894 [INFO] CodeEngine:255 - oldGeneratedFile, /Users/angelinakong/STM32CubeIDE/workspace_1.13.2/Project198/Core/Inc/main.h_save
2023-11-21 02:59:51,952 [INFO] CodeEngine:279 - Generated code: /Users/angelinakong/STM32CubeIDE/workspace_1.13.2/Project198/Core/Inc/main.h
2023-11-21 02:59:51,954 [INFO] CodeEngine:255 - oldGeneratedFile, /Users/angelinakong/STM32CubeIDE/workspace_1.13.2/Project198/Core/Src/main.c_save
2023-11-21 02:59:52,030 [INFO] CodeEngine:279 - Generated code: /Users/angelinakong/STM32CubeIDE/workspace_1.13.2/Project198/Core/Src/main.c
2023-11-21 02:59:52,550 [INFO] ProjectBuilder:3064 - Time for Copy HAL[1] : 99mS.
2023-11-21 02:59:52,553 [INFO] ProjectBuilder:4404 - Project Generator version: 4.1.0
2023-11-21 02:59:52,778 [INFO] ConfigFileManager:1457 - The Die is : DIE433
2023-11-21 02:59:53,958 [INFO] ProjectBuilder:4626 - Time for Generating toolchain IDE Files: 1405mS.
2023-11-21 02:59:53,958 [INFO] ProjectBuilder:2935 - Time for Copy CMSIS : 0mS.
2023-11-21 02:59:53,960 [INFO] ProjectBuilder:2935 - Time for Copy CMSIS : 0mS.
